Using pre-set license
Built from '2021.1/staging' branch; Version is '2021.1.3f1 (4bef613afd59) revision 4976481'; Using compiler version '192528614'; Build Type 'Release'
OS: 'Windows 10 Pro; OS build 19043.1586; Version 2009; 64bit' Language: 'es' Physical Memory: 16228 MB
BatchMode: 1, IsHumanControllingUs: 0, StartBugReporterOnCrash: 0, Is64bit: 1, IsPro: 0

 COMMAND LINE ARGUMENTS:
B:\sistema operatiu\Artur\unity versions\Editor\Unity.exe
-adb2
-batchMode
-noUpm
-name
AssetImportWorker0
-projectPath
B:/sistema operatiu/Escritorio/repositoridam/GameJam/GameJam2
-logFile
Logs/AssetImportWorker0.log
-srvPort
57103
Successfully changed project path to: B:/sistema operatiu/Escritorio/repositoridam/GameJam/GameJam2
B:/sistema operatiu/Escritorio/repositoridam/GameJam/GameJam2
Using Asset Import Pipeline V2.
Refreshing native plugins compatible for Editor in 88.62 ms, found 2 plugins.
Preloading 0 native plugins for Editor in 0.00 ms.
Initialize engine version: 2021.1.3f1 (4bef613afd59)
[Subsystems] Discovering subsystems at path B:/sistema operatiu/Artur/unity versions/Editor/Data/Resources/UnitySubsystems
[Subsystems] Discovering subsystems at path B:/sistema operatiu/Escritorio/repositoridam/GameJam/GameJam2/Assets
GfxDevice: creating device client; threaded=0; jobified=0
Direct3D:
    Version:  Direct3D 11.0 [level 11.1]
    Renderer: NVIDIA GeForce GTX 1060 (ID=0x1c20)
    Vendor:   NVIDIA
    VRAM:     6052 MB
    Driver:   30.0.15.1215
Initialize mono
Mono path[0] = 'B:/sistema operatiu/Artur/unity versions/Editor/Data/Managed'
Mono path[1] = 'B:/sistema operatiu/Artur/unity versions/Editor/Data/MonoBleedingEdge/lib/mono/unityjit'
Mono config path = 'B:/sistema operatiu/Artur/unity versions/Editor/Data/MonoBleedingEdge/etc'
Using monoOptions --debugger-agent=transport=dt_socket,embedding=1,server=y,suspend=n,address=127.0.0.1:56460
Begin MonoManager ReloadAssembly
Registering precompiled unity dll's ...
Register platform support module: B:/sistema operatiu/Artur/unity versions/Editor/Data/PlaybackEngines/WindowsStandaloneSupport/UnityEditor.WindowsStandalone.Extensions.dll
Registered in 0.001154 seconds.
Native extension for WindowsStandalone target not found
Refreshing native plugins compatible for Editor in 89.68 ms, found 2 plugins.
Preloading 0 native plugins for Editor in 0.00 ms.
Mono: successfully reloaded assembly
- Completed reload, in  1.171 seconds
Platform modules already initialized, skipping
Registering precompiled user dll's ...
Registered in 0.002601 seconds.
Begin MonoManager ReloadAssembly
Native extension for WindowsStandalone target not found
Refreshing native plugins compatible for Editor in 111.41 ms, found 2 plugins.
Preloading 0 native plugins for Editor in 0.00 ms.
Mono: successfully reloaded assembly
- Completed reload, in  1.184 seconds
Platform modules already initialized, skipping
========================================================================
Worker process is ready to serve import requests
Launched and connected shader compiler UnityShaderCompiler.exe after 0.06 seconds
Refreshing native plugins compatible for Editor in 1.34 ms, found 2 plugins.
Preloading 0 native plugins for Editor in 0.00 ms.
Unloading 3373 Unused Serialized files (Serialized files now loaded: 0)
System memory in use before: 147.2 MB.
System memory in use after: 147.3 MB.

Unloading 29 unused Assets to reduce memory usage. Loaded Objects now: 3847.
Total: 3.428600 ms (FindLiveObjects: 0.364100 ms CreateObjectMapping: 0.245300 ms MarkObjects: 2.662400 ms  DeleteObjects: 0.155800 ms)

========================================================================
Received Import Request.
  path: Assets/Scenes/WinP1.unity
  artifactKey: Guid(e70db0d424eca0f44bc4362ca4f5dcac) Importer(815301076,1909f56bfc062723c751e8b465ee728b)
Start importing Assets/Scenes/WinP1.unity using Guid(e70db0d424eca0f44bc4362ca4f5dcac) Importer(815301076,1909f56bfc062723c751e8b465ee728b)  -> (artifact id: '50e81b21790bb687fba276f08c84fd72') in 0.010202 seconds 
========================================================================
Received Import Request.
  Time since last request: 0.000347 seconds.
  path: Assets/Scenes/WinP2.unity
  artifactKey: Guid(c349f84854e6c7e4aa3ce14d0baa373c) Importer(815301076,1909f56bfc062723c751e8b465ee728b)
Start importing Assets/Scenes/WinP2.unity using Guid(c349f84854e6c7e4aa3ce14d0baa373c) Importer(815301076,1909f56bfc062723c751e8b465ee728b)  -> (artifact id: '573bf373613dd9fa7575815097b123c1') in 0.001712 seconds 
========================================================================
Received Import Request.
  Time since last request: 60.637099 seconds.
  path: Assets/Scenes/WinP2.unity
  artifactKey: Guid(c349f84854e6c7e4aa3ce14d0baa373c) Importer(815301076,1909f56bfc062723c751e8b465ee728b)
Start importing Assets/Scenes/WinP2.unity using Guid(c349f84854e6c7e4aa3ce14d0baa373c) Importer(815301076,1909f56bfc062723c751e8b465ee728b)  -> (artifact id: '6694ee172549f91d8f131f483ccbf74e') in 0.001901 seconds 
AssetImportWorkerClient::OnTransportError - code=2 error=End of file
