Using pre-set license
Built from '2021.1/staging' branch; Version is '2021.1.3f1 (4bef613afd59) revision 4976481'; Using compiler version '192528614'; Build Type 'Release'
OS: 'Windows 10 Pro; OS build 19043.1586; Version 2009; 64bit' Language: 'es' Physical Memory: 16228 MB
BatchMode: 1, IsHumanControllingUs: 0, StartBugReporterOnCrash: 0, Is64bit: 1, IsPro: 0

 COMMAND LINE ARGUMENTS:
B:\sistema operatiu\Artur\unity versions\Editor\Unity.exe
-adb2
-batchMode
-noUpm
-name
AssetImportWorker0
-projectPath
B:/sistema operatiu/Escritorio/repositoridam/GameJam/GameJam2
-logFile
Logs/AssetImportWorker0.log
-srvPort
50229
Successfully changed project path to: B:/sistema operatiu/Escritorio/repositoridam/GameJam/GameJam2
B:/sistema operatiu/Escritorio/repositoridam/GameJam/GameJam2
Using Asset Import Pipeline V2.
Refreshing native plugins compatible for Editor in 117.62 ms, found 2 plugins.
Preloading 0 native plugins for Editor in 0.00 ms.
Initialize engine version: 2021.1.3f1 (4bef613afd59)
[Subsystems] Discovering subsystems at path B:/sistema operatiu/Artur/unity versions/Editor/Data/Resources/UnitySubsystems
[Subsystems] Discovering subsystems at path B:/sistema operatiu/Escritorio/repositoridam/GameJam/GameJam2/Assets
GfxDevice: creating device client; threaded=0; jobified=0
Direct3D:
    Version:  Direct3D 11.0 [level 11.1]
    Renderer: NVIDIA GeForce GTX 1060 (ID=0x1c20)
    Vendor:   NVIDIA
    VRAM:     6052 MB
    Driver:   30.0.15.1215
Initialize mono
Mono path[0] = 'B:/sistema operatiu/Artur/unity versions/Editor/Data/Managed'
Mono path[1] = 'B:/sistema operatiu/Artur/unity versions/Editor/Data/MonoBleedingEdge/lib/mono/unityjit'
Mono config path = 'B:/sistema operatiu/Artur/unity versions/Editor/Data/MonoBleedingEdge/etc'
Using monoOptions --debugger-agent=transport=dt_socket,embedding=1,server=y,suspend=n,address=127.0.0.1:56132
Begin MonoManager ReloadAssembly
Registering precompiled unity dll's ...
Register platform support module: B:/sistema operatiu/Artur/unity versions/Editor/Data/PlaybackEngines/WindowsStandaloneSupport/UnityEditor.WindowsStandalone.Extensions.dll
Registered in 0.001039 seconds.
Native extension for WindowsStandalone target not found
Refreshing native plugins compatible for Editor in 92.00 ms, found 2 plugins.
Preloading 0 native plugins for Editor in 0.00 ms.
Mono: successfully reloaded assembly
- Completed reload, in  1.052 seconds
Platform modules already initialized, skipping
Registering precompiled user dll's ...
Registered in 0.002956 seconds.
Begin MonoManager ReloadAssembly
Native extension for WindowsStandalone target not found
Refreshing native plugins compatible for Editor in 116.11 ms, found 2 plugins.
Preloading 0 native plugins for Editor in 0.00 ms.
Mono: successfully reloaded assembly
- Completed reload, in  1.217 seconds
Platform modules already initialized, skipping
========================================================================
Worker process is ready to serve import requests
Launched and connected shader compiler UnityShaderCompiler.exe after 0.06 seconds
Refreshing native plugins compatible for Editor in 0.77 ms, found 2 plugins.
Preloading 0 native plugins for Editor in 0.00 ms.
Unloading 3373 Unused Serialized files (Serialized files now loaded: 0)
System memory in use before: 147.2 MB.
System memory in use after: 147.2 MB.

Unloading 29 unused Assets to reduce memory usage. Loaded Objects now: 3847.
Total: 3.002400 ms (FindLiveObjects: 0.301200 ms CreateObjectMapping: 0.165300 ms MarkObjects: 2.394300 ms  DeleteObjects: 0.140300 ms)

========================================================================
Received Import Request.
  path: Assets/Scripts/game1.cs
  artifactKey: Guid(28e703ddc9e85b64aa48b8f188b2549a) Importer(815301076,1909f56bfc062723c751e8b465ee728b)
Start importing Assets/Scripts/game1.cs using Guid(28e703ddc9e85b64aa48b8f188b2549a) Importer(815301076,1909f56bfc062723c751e8b465ee728b)  -> (artifact id: 'eb6c9ff15e781333c8ec5bbaefbde65d') in 1.201418 seconds 
========================================================================
Received Prepare
Registering precompiled user dll's ...
Registered in 0.003840 seconds.
Begin MonoManager ReloadAssembly
Native extension for WindowsStandalone target not found
Refreshing native plugins compatible for Editor in 0.84 ms, found 2 plugins.
Preloading 0 native plugins for Editor in 0.00 ms.
Mono: successfully reloaded assembly
- Completed reload, in  1.173 seconds
Platform modules already initialized, skipping
Refreshing native plugins compatible for Editor in 0.99 ms, found 2 plugins.
Preloading 0 native plugins for Editor in 0.00 ms.
Unloading 3368 Unused Serialized files (Serialized files now loaded: 0)
System memory in use before: 147.2 MB.
System memory in use after: 147.3 MB.

Unloading 17 unused Assets to reduce memory usage. Loaded Objects now: 3851.
Total: 4.139600 ms (FindLiveObjects: 0.470200 ms CreateObjectMapping: 0.291300 ms MarkObjects: 3.224500 ms  DeleteObjects: 0.151700 ms)

========================================================================
Received Prepare
Registering precompiled user dll's ...
Registered in 0.003218 seconds.
Begin MonoManager ReloadAssembly
Native extension for WindowsStandalone target not found
Refreshing native plugins compatible for Editor in 1.17 ms, found 2 plugins.
Preloading 0 native plugins for Editor in 0.00 ms.
Mono: successfully reloaded assembly
- Completed reload, in  1.366 seconds
Platform modules already initialized, skipping
Refreshing native plugins compatible for Editor in 0.92 ms, found 2 plugins.
Preloading 0 native plugins for Editor in 0.00 ms.
Unloading 3368 Unused Serialized files (Serialized files now loaded: 0)
System memory in use before: 147.2 MB.
System memory in use after: 147.3 MB.

Unloading 17 unused Assets to reduce memory usage. Loaded Objects now: 3855.
Total: 4.520100 ms (FindLiveObjects: 0.356500 ms CreateObjectMapping: 0.249800 ms MarkObjects: 3.731000 ms  DeleteObjects: 0.181400 ms)

========================================================================
Received Import Request.
  Time since last request: 917.072616 seconds.
  path: Assets/Scripts/game1.cs
  artifactKey: Guid(28e703ddc9e85b64aa48b8f188b2549a) Importer(815301076,1909f56bfc062723c751e8b465ee728b)
Start importing Assets/Scripts/game1.cs using Guid(28e703ddc9e85b64aa48b8f188b2549a) Importer(815301076,1909f56bfc062723c751e8b465ee728b)  -> (artifact id: '87ae3ae6ed7bbe3c4f7231541e659fb4') in 0.006220 seconds 
========================================================================
Received Import Request.
  Time since last request: 232.281940 seconds.
  path: Assets/Scripts
  artifactKey: Guid(3fb019f07af510a4fa54045774d167d8) Importer(815301076,1909f56bfc062723c751e8b465ee728b)
Start importing Assets/Scripts using Guid(3fb019f07af510a4fa54045774d167d8) Importer(815301076,1909f56bfc062723c751e8b465ee728b)  -> (artifact id: 'ac4a8c0871722cd8a49d33f9aaa48305') in 0.001588 seconds 
========================================================================
Received Import Request.
  Time since last request: 8.266238 seconds.
  path: Assets/Scripts/game2.cs
  artifactKey: Guid(9365339e6a1e4934998f17cf7e326927) Importer(815301076,1909f56bfc062723c751e8b465ee728b)
Start importing Assets/Scripts/game2.cs using Guid(9365339e6a1e4934998f17cf7e326927) Importer(815301076,1909f56bfc062723c751e8b465ee728b)  -> (artifact id: 'bd3ac8d698fb3d6ded96439597bf4d5f') in 0.001964 seconds 
========================================================================
Received Prepare
Registering precompiled user dll's ...
Registered in 0.002912 seconds.
Begin MonoManager ReloadAssembly
Native extension for WindowsStandalone target not found
Refreshing native plugins compatible for Editor in 0.81 ms, found 2 plugins.
Preloading 0 native plugins for Editor in 0.00 ms.
Mono: successfully reloaded assembly
- Completed reload, in  1.171 seconds
Platform modules already initialized, skipping
Refreshing native plugins compatible for Editor in 0.78 ms, found 2 plugins.
Preloading 0 native plugins for Editor in 0.00 ms.
Unloading 3369 Unused Serialized files (Serialized files now loaded: 0)
System memory in use before: 147.3 MB.
System memory in use after: 147.4 MB.

Unloading 17 unused Assets to reduce memory usage. Loaded Objects now: 3860.
Total: 3.121100 ms (FindLiveObjects: 0.353300 ms CreateObjectMapping: 0.209400 ms MarkObjects: 2.437500 ms  DeleteObjects: 0.119500 ms)

========================================================================
Received Prepare
Registering precompiled user dll's ...
Registered in 0.003496 seconds.
Begin MonoManager ReloadAssembly
Native extension for WindowsStandalone target not found
Refreshing native plugins compatible for Editor in 0.66 ms, found 2 plugins.
Preloading 0 native plugins for Editor in 0.00 ms.
Mono: successfully reloaded assembly
- Completed reload, in  1.160 seconds
Platform modules already initialized, skipping
Refreshing native plugins compatible for Editor in 0.59 ms, found 2 plugins.
Preloading 0 native plugins for Editor in 0.00 ms.
Unloading 3369 Unused Serialized files (Serialized files now loaded: 0)
System memory in use before: 147.3 MB.
System memory in use after: 147.4 MB.

Unloading 17 unused Assets to reduce memory usage. Loaded Objects now: 3864.
Total: 3.646400 ms (FindLiveObjects: 0.373900 ms CreateObjectMapping: 0.230200 ms MarkObjects: 2.894000 ms  DeleteObjects: 0.147200 ms)

========================================================================
Received Import Request.
  Time since last request: 61.693391 seconds.
  path: Assets/Scripts/game2.cs
  artifactKey: Guid(9365339e6a1e4934998f17cf7e326927) Importer(815301076,1909f56bfc062723c751e8b465ee728b)
Start importing Assets/Scripts/game2.cs using Guid(9365339e6a1e4934998f17cf7e326927) Importer(815301076,1909f56bfc062723c751e8b465ee728b)  -> (artifact id: 'ed6994d5ad167e6183dce97c99a11017') in 0.004084 seconds 
========================================================================
Received Import Request.
  Time since last request: 1635.067837 seconds.
  path: Assets/Scenes/Menu.unity
  artifactKey: Guid(467022a77b0a4ac46bbec659caa2c6e5) Importer(815301076,1909f56bfc062723c751e8b465ee728b)
Start importing Assets/Scenes/Menu.unity using Guid(467022a77b0a4ac46bbec659caa2c6e5) Importer(815301076,1909f56bfc062723c751e8b465ee728b)  -> (artifact id: 'e9c0af9c586b0d48a294a0a1d034a7e2') in 0.012785 seconds 
========================================================================
Received Import Request.
  Time since last request: 13.336477 seconds.
  path: Assets/Scenes/WinP1.unity
  artifactKey: Guid(e70db0d424eca0f44bc4362ca4f5dcac) Importer(815301076,1909f56bfc062723c751e8b465ee728b)
Start importing Assets/Scenes/WinP1.unity using Guid(e70db0d424eca0f44bc4362ca4f5dcac) Importer(815301076,1909f56bfc062723c751e8b465ee728b)  -> (artifact id: '1eb9b0ba09e23d2ade1848d02f7e5547') in 0.001587 seconds 
